[2026-01-01T09:05:02.277+0000] {local_task_job_runner.py:120} INFO - ::group::Pre task execution logs
[2026-01-01T09:05:02.294+0000] {taskinstance.py:2076} INFO - Dependencies all met for dep_context=non-requeueable deps ti=<TaskInstance: Airflow-Lab1.load_data_task scheduled__2026-01-01T09:00:00+00:00 [queued]>
[2026-01-01T09:05:02.297+0000] {taskinstance.py:2076} INFO - Dependencies all met for dep_context=requeueable deps ti=<TaskInstance: Airflow-Lab1.load_data_task scheduled__2026-01-01T09:00:00+00:00 [queued]>
[2026-01-01T09:05:02.298+0000] {taskinstance.py:2306} INFO - Starting attempt 1 of 1
[2026-01-01T09:05:02.304+0000] {taskinstance.py:2330} INFO - Executing <Task(PythonOperator): load_data_task> on 2026-01-01 09:00:00+00:00
[2026-01-01T09:05:02.317+0000] {warnings.py:112} WARNING - /home/***/.local/lib/python3.12/site-packages/***/task/task_runner/standard_task_runner.py:61: DeprecationWarning: This process (pid=180) is multi-threaded, use of fork() may lead to deadlocks in the child.
  pid = os.fork()

[2026-01-01T09:05:02.318+0000] {standard_task_runner.py:63} INFO - Started process 185 to run task
[2026-01-01T09:05:02.318+0000] {standard_task_runner.py:90} INFO - Running: ['***', 'tasks', 'run', 'Airflow-Lab1', 'load_data_task', 'scheduled__2026-01-01T09:00:00+00:00', '--job-id', '307', '--raw', '--subdir', 'DAGS_FOLDER/***.py', '--cfg-path', '/tmp/tmp72x36nx0']
[2026-01-01T09:05:02.319+0000] {standard_task_runner.py:91} INFO - Job 307: Subtask load_data_task
[2026-01-01T09:05:02.362+0000] {task_command.py:426} INFO - Running <TaskInstance: Airflow-Lab1.load_data_task scheduled__2026-01-01T09:00:00+00:00 [running]> on host 21d482eb38d8
[2026-01-01T09:05:02.411+0000] {taskinstance.py:2648} INFO - Exporting env vars: AIRFLOW_CTX_DAG_OWNER='***' AIRFLOW_CTX_DAG_ID='Airflow-Lab1' AIRFLOW_CTX_TASK_ID='load_data_task' AIRFLOW_CTX_EXECUTION_DATE='2026-01-01T09:00:00+00:00' AIRFLOW_CTX_TRY_NUMBER='1' AIRFLOW_CTX_DAG_RUN_ID='scheduled__2026-01-01T09:00:00+00:00'
[2026-01-01T09:05:02.415+0000] {taskinstance.py:430} INFO - ::endgroup::
[2026-01-01T09:05:02.418+0000] {python.py:237} INFO - Done. Returned value was: {{ task_instance.xcom_pull(task_ids='load_data', dag_id='adhoc_airflow', key='return_value') }}
[2026-01-01T09:05:02.420+0000] {taskinstance.py:441} INFO - ::group::Post task execution logs
[2026-01-01T09:05:02.425+0000] {taskinstance.py:2905} ERROR - Task failed with exception
Traceback (most recent call last):
  File "/home/airflow/.local/lib/python3.12/site-packages/airflow/models/taskinstance.py", line 486, in _execute_task
    task_instance.xcom_push(key=XCOM_RETURN_KEY, value=xcom_value, session=session)
  File "/home/airflow/.local/lib/python3.12/site-packages/airflow/utils/session.py", line 76, in wrapper
    return func(*args, **kwargs)
           ^^^^^^^^^^^^^^^^^^^^^
  File "/home/airflow/.local/lib/python3.12/site-packages/airflow/models/taskinstance.py", line 3197, in xcom_push
    XCom.set(
  File "/home/airflow/.local/lib/python3.12/site-packages/airflow/utils/session.py", line 76, in wrapper
    return func(*args, **kwargs)
           ^^^^^^^^^^^^^^^^^^^^^
  File "/home/airflow/.local/lib/python3.12/site-packages/airflow/models/xcom.py", line 246, in set
    value = cls.serialize_value(
            ^^^^^^^^^^^^^^^^^^^^
  File "/home/airflow/.local/lib/python3.12/site-packages/airflow/models/xcom.py", line 671, in serialize_value
    return pickle.dumps(value)
           ^^^^^^^^^^^^^^^^^^^
_pickle.PicklingError: Can't pickle <function load_data at 0xe400a30f0220>: it's not the same object as src.tasks.load_data
[2026-01-01T09:05:02.432+0000] {taskinstance.py:1206} INFO - Marking task as FAILED. dag_id=Airflow-Lab1, task_id=load_data_task, run_id=scheduled__2026-01-01T09:00:00+00:00, execution_date=20260101T090000, start_date=20260101T090502, end_date=20260101T090502
[2026-01-01T09:05:02.439+0000] {standard_task_runner.py:110} ERROR - Failed to execute job 307 for task load_data_task (Can't pickle <function load_data at 0xe400a30f0220>: it's not the same object as src.tasks.load_data; 185)
[2026-01-01T09:05:02.454+0000] {local_task_job_runner.py:240} INFO - Task exited with return code 1
[2026-01-01T09:05:02.482+0000] {taskinstance.py:3503} INFO - 0 downstream tasks scheduled from follow-on schedule check
[2026-01-01T09:05:02.494+0000] {local_task_job_runner.py:222} INFO - ::endgroup::
