[2026-01-01T00:11:33.452+0000] {local_task_job_runner.py:120} INFO - ::group::Pre task execution logs
[2026-01-01T00:11:33.465+0000] {taskinstance.py:2076} INFO - Dependencies all met for dep_context=non-requeueable deps ti=<TaskInstance: Airflow-Lab1.load_model_elbow manual__2026-01-01T00:11:09.316196+00:00 [queued]>
[2026-01-01T00:11:33.469+0000] {taskinstance.py:2076} INFO - Dependencies all met for dep_context=requeueable deps ti=<TaskInstance: Airflow-Lab1.load_model_elbow manual__2026-01-01T00:11:09.316196+00:00 [queued]>
[2026-01-01T00:11:33.469+0000] {taskinstance.py:2306} INFO - Starting attempt 1 of 1
[2026-01-01T00:11:33.474+0000] {taskinstance.py:2330} INFO - Executing <Task(_PythonDecoratedOperator): load_model_elbow> on 2026-01-01 00:11:09.316196+00:00
[2026-01-01T00:11:33.494+0000] {standard_task_runner.py:90} INFO - Running: ['***', 'tasks', 'run', 'Airflow-Lab1', 'load_model_elbow', 'manual__2026-01-01T00:11:09.316196+00:00', '--job-id', '87', '--raw', '--subdir', 'DAGS_FOLDER/***.py', '--cfg-path', '/tmp/tmpjsx4qmva']
[2026-01-01T00:11:33.495+0000] {standard_task_runner.py:91} INFO - Job 87: Subtask load_model_elbow
[2026-01-01T00:11:33.492+0000] {warnings.py:112} WARNING - /home/***/.local/lib/python3.12/site-packages/***/task/task_runner/standard_task_runner.py:61: DeprecationWarning: This process (pid=1997) is multi-threaded, use of fork() may lead to deadlocks in the child.
  pid = os.fork()

[2026-01-01T00:11:33.499+0000] {standard_task_runner.py:63} INFO - Started process 2002 to run task
[2026-01-01T00:11:33.538+0000] {task_command.py:426} INFO - Running <TaskInstance: Airflow-Lab1.load_model_elbow manual__2026-01-01T00:11:09.316196+00:00 [running]> on host 21d482eb38d8
[2026-01-01T00:11:34.153+0000] {taskinstance.py:2648} INFO - Exporting env vars: AIRFLOW_CTX_DAG_OWNER='***' AIRFLOW_CTX_DAG_ID='Airflow-Lab1' AIRFLOW_CTX_TASK_ID='load_model_elbow' AIRFLOW_CTX_EXECUTION_DATE='2026-01-01T00:11:09.316196+00:00' AIRFLOW_CTX_TRY_NUMBER='1' AIRFLOW_CTX_DAG_RUN_ID='manual__2026-01-01T00:11:09.316196+00:00'
[2026-01-01T00:11:34.155+0000] {taskinstance.py:430} INFO - ::endgroup::
[2026-01-01T00:11:34.156+0000] {taskinstance.py:441} INFO - ::group::Post task execution logs
[2026-01-01T00:11:34.156+0000] {taskinstance.py:2905} ERROR - Task failed with exception
Traceback (most recent call last):
  File "/home/airflow/.local/lib/python3.12/site-packages/airflow/models/taskinstance.py", line 465, in _execute_task
    result = _execute_callable(context=context, **execute_callable_kwargs)
             ^^^^^^^^^^^^^^^^^^^^^^^^^^^^^^^^^^^^^^^^^^^^^^^^^^^^^^^^^^^^^
  File "/home/airflow/.local/lib/python3.12/site-packages/airflow/models/taskinstance.py", line 432, in _execute_callable
    return execute_callable(context=context, **execute_callable_kwargs)
           ^^^^^^^^^^^^^^^^^^^^^^^^^^^^^^^^^^^^^^^^^^^^^^^^^^^^^^^^^^^^
  File "/home/airflow/.local/lib/python3.12/site-packages/airflow/models/baseoperator.py", line 401, in wrapper
    return func(self, *args, **kwargs)
           ^^^^^^^^^^^^^^^^^^^^^^^^^^^
  File "/home/airflow/.local/lib/python3.12/site-packages/airflow/decorators/base.py", line 265, in execute
    return_value = super().execute(context)
                   ^^^^^^^^^^^^^^^^^^^^^^^^
  File "/home/airflow/.local/lib/python3.12/site-packages/airflow/models/baseoperator.py", line 401, in wrapper
    return func(self, *args, **kwargs)
           ^^^^^^^^^^^^^^^^^^^^^^^^^^^
  File "/home/airflow/.local/lib/python3.12/site-packages/airflow/operators/python.py", line 235, in execute
    return_value = self.execute_callable()
                   ^^^^^^^^^^^^^^^^^^^^^^^
  File "/home/airflow/.local/lib/python3.12/site-packages/airflow/operators/python.py", line 252, in execute_callable
    return self.python_callable(*self.op_args, **self.op_kwargs)
           ^^^^^^^^^^^^^^^^^^^^^^^^^^^^^^^^^^^^^^^^^^^^^^^^^^^^^
  File "/opt/airflow/dags/src/tasks.py", line 77, in load_model_elbow
    loaded_model = pickle.load(open(output_path, "rb"))
                               ^^^^^^^^^^^^^^^^^^^^^^^
FileNotFoundError: [Errno 2] No such file or directory: '/opt/airflow/dags/src/../model/model.sav'
[2026-01-01T00:11:34.173+0000] {taskinstance.py:1206} INFO - Marking task as FAILED. dag_id=Airflow-Lab1, task_id=load_model_elbow, run_id=manual__2026-01-01T00:11:09.316196+00:00, execution_date=20260101T001109, start_date=20260101T001133, end_date=20260101T001134
[2026-01-01T00:11:34.184+0000] {standard_task_runner.py:110} ERROR - Failed to execute job 87 for task load_model_elbow ([Errno 2] No such file or directory: '/opt/airflow/dags/src/../model/model.sav'; 2002)
[2026-01-01T00:11:34.221+0000] {local_task_job_runner.py:240} INFO - Task exited with return code 1
[2026-01-01T00:11:34.244+0000] {taskinstance.py:3503} INFO - 0 downstream tasks scheduled from follow-on schedule check
[2026-01-01T00:11:34.245+0000] {local_task_job_runner.py:222} INFO - ::endgroup::
