[2025-12-31T21:14:19.165+0000] {local_task_job_runner.py:120} INFO - ::group::Pre task execution logs
[2025-12-31T21:14:19.181+0000] {taskinstance.py:2076} INFO - Dependencies all met for dep_context=non-requeueable deps ti=<TaskInstance: Airflow-Lab1.load_model_task manual__2025-12-31T21:13:47.360374+00:00 [queued]>
[2025-12-31T21:14:19.185+0000] {taskinstance.py:2076} INFO - Dependencies all met for dep_context=requeueable deps ti=<TaskInstance: Airflow-Lab1.load_model_task manual__2025-12-31T21:13:47.360374+00:00 [queued]>
[2025-12-31T21:14:19.186+0000] {taskinstance.py:2306} INFO - Starting attempt 1 of 1
[2025-12-31T21:14:19.192+0000] {taskinstance.py:2330} INFO - Executing <Task(PythonOperator): load_model_task> on 2025-12-31 21:13:47.360374+00:00
[2025-12-31T21:14:19.211+0000] {warnings.py:112} WARNING - /home/***/.local/lib/python3.12/site-packages/***/task/task_runner/standard_task_runner.py:61: DeprecationWarning: This process (pid=1164) is multi-threaded, use of fork() may lead to deadlocks in the child.
  pid = os.fork()

[2025-12-31T21:14:19.212+0000] {standard_task_runner.py:90} INFO - Running: ['***', 'tasks', 'run', 'Airflow-Lab1', 'load_model_task', 'manual__2025-12-31T21:13:47.360374+00:00', '--job-id', '65', '--raw', '--subdir', 'DAGS_FOLDER/***.py', '--cfg-path', '/tmp/tmpv90nrt2w']
[2025-12-31T21:14:19.213+0000] {standard_task_runner.py:63} INFO - Started process 1169 to run task
[2025-12-31T21:14:19.214+0000] {standard_task_runner.py:91} INFO - Job 65: Subtask load_model_task
[2025-12-31T21:14:19.258+0000] {task_command.py:426} INFO - Running <TaskInstance: Airflow-Lab1.load_model_task manual__2025-12-31T21:13:47.360374+00:00 [running]> on host 21d482eb38d8
[2025-12-31T21:14:19.633+0000] {taskinstance.py:2648} INFO - Exporting env vars: AIRFLOW_CTX_DAG_OWNER='***' AIRFLOW_CTX_DAG_ID='Airflow-Lab1' AIRFLOW_CTX_TASK_ID='load_model_task' AIRFLOW_CTX_EXECUTION_DATE='2025-12-31T21:13:47.360374+00:00' AIRFLOW_CTX_TRY_NUMBER='1' AIRFLOW_CTX_DAG_RUN_ID='manual__2025-12-31T21:13:47.360374+00:00'
[2025-12-31T21:14:19.634+0000] {taskinstance.py:430} INFO - ::endgroup::
[2025-12-31T21:14:19.639+0000] {taskinstance.py:441} INFO - ::group::Post task execution logs
[2025-12-31T21:14:19.639+0000] {taskinstance.py:2905} ERROR - Task failed with exception
Traceback (most recent call last):
  File "/home/airflow/.local/lib/python3.12/site-packages/airflow/models/taskinstance.py", line 465, in _execute_task
    result = _execute_callable(context=context, **execute_callable_kwargs)
             ^^^^^^^^^^^^^^^^^^^^^^^^^^^^^^^^^^^^^^^^^^^^^^^^^^^^^^^^^^^^^
  File "/home/airflow/.local/lib/python3.12/site-packages/airflow/models/taskinstance.py", line 432, in _execute_callable
    return execute_callable(context=context, **execute_callable_kwargs)
           ^^^^^^^^^^^^^^^^^^^^^^^^^^^^^^^^^^^^^^^^^^^^^^^^^^^^^^^^^^^^
  File "/home/airflow/.local/lib/python3.12/site-packages/airflow/models/baseoperator.py", line 401, in wrapper
    return func(self, *args, **kwargs)
           ^^^^^^^^^^^^^^^^^^^^^^^^^^^
  File "/home/airflow/.local/lib/python3.12/site-packages/airflow/operators/python.py", line 235, in execute
    return_value = self.execute_callable()
                   ^^^^^^^^^^^^^^^^^^^^^^^
  File "/home/airflow/.local/lib/python3.12/site-packages/airflow/operators/python.py", line 252, in execute_callable
    return self.python_callable(*self.op_args, **self.op_kwargs)
           ^^^^^^^^^^^^^^^^^^^^^^^^^^^^^^^^^^^^^^^^^^^^^^^^^^^^^
  File "/opt/airflow/dags/src/tasks.py", line 77, in load_model_elbow
    kl = KneeLocator(x, sse, curve="convex", direction="decreasing")
         ^^^^^^^^^^^^^^^^^^^^^^^^^^^^^^^^^^^^^^^^^^^^^^^^^^^^^^^^^^^
  File "/home/airflow/.local/lib/python3.12/site-packages/kneed/knee_locator.py", line 171, in __init__
    uspline = interpolate.interp1d(self.x, self.y)
              ^^^^^^^^^^^^^^^^^^^^^^^^^^^^^^^^^^^^
  File "/home/airflow/.local/lib/python3.12/site-packages/scipy/interpolate/_interpolate.py", line 286, in __init__
    _Interpolator1D.__init__(self, x, y, axis=axis)
  File "/home/airflow/.local/lib/python3.12/site-packages/scipy/interpolate/_polyint.py", line 58, in __init__
    self._set_yi(yi, xi=xi, axis=axis)
  File "/home/airflow/.local/lib/python3.12/site-packages/scipy/interpolate/_polyint.py", line 128, in _set_yi
    raise ValueError("x and y arrays must be equal in length along "
ValueError: x and y arrays must be equal in length along interpolation axis.
[2025-12-31T21:14:19.657+0000] {taskinstance.py:1206} INFO - Marking task as FAILED. dag_id=Airflow-Lab1, task_id=load_model_task, run_id=manual__2025-12-31T21:13:47.360374+00:00, execution_date=20251231T211347, start_date=20251231T211419, end_date=20251231T211419
[2025-12-31T21:14:19.665+0000] {standard_task_runner.py:110} ERROR - Failed to execute job 65 for task load_model_task (x and y arrays must be equal in length along interpolation axis.; 1169)
[2025-12-31T21:14:19.686+0000] {local_task_job_runner.py:240} INFO - Task exited with return code 1
[2025-12-31T21:14:19.702+0000] {taskinstance.py:3503} INFO - 0 downstream tasks scheduled from follow-on schedule check
[2025-12-31T21:14:19.703+0000] {local_task_job_runner.py:222} INFO - ::endgroup::
