[2025-12-31T21:42:56.778+0000] {local_task_job_runner.py:120} INFO - ::group::Pre task execution logs
[2025-12-31T21:42:56.809+0000] {taskinstance.py:2076} INFO - Dependencies all met for dep_context=non-requeueable deps ti=<TaskInstance: Airflow-Lab1.load_data manual__2025-12-31T21:42:52.526259+00:00 [queued]>
[2025-12-31T21:42:56.816+0000] {taskinstance.py:2076} INFO - Dependencies all met for dep_context=requeueable deps ti=<TaskInstance: Airflow-Lab1.load_data manual__2025-12-31T21:42:52.526259+00:00 [queued]>
[2025-12-31T21:42:56.817+0000] {taskinstance.py:2306} INFO - Starting attempt 1 of 1
[2025-12-31T21:42:56.829+0000] {taskinstance.py:2330} INFO - Executing <Task(_PythonDecoratedOperator): load_data> on 2025-12-31 21:42:52.526259+00:00
[2025-12-31T21:42:56.850+0000] {warnings.py:112} WARNING - /home/***/.local/lib/python3.12/site-packages/***/task/task_runner/standard_task_runner.py:61: DeprecationWarning: This process (pid=1560) is multi-threaded, use of fork() may lead to deadlocks in the child.
  pid = os.fork()

[2025-12-31T21:42:56.854+0000] {standard_task_runner.py:63} INFO - Started process 1565 to run task
[2025-12-31T21:42:56.853+0000] {standard_task_runner.py:90} INFO - Running: ['***', 'tasks', 'run', 'Airflow-Lab1', 'load_data', 'manual__2025-12-31T21:42:52.526259+00:00', '--job-id', '68', '--raw', '--subdir', 'DAGS_FOLDER/***.py', '--cfg-path', '/tmp/tmpa1a1w4c3']
[2025-12-31T21:42:56.855+0000] {standard_task_runner.py:91} INFO - Job 68: Subtask load_data
[2025-12-31T21:42:56.997+0000] {task_command.py:426} INFO - Running <TaskInstance: Airflow-Lab1.load_data manual__2025-12-31T21:42:52.526259+00:00 [running]> on host 21d482eb38d8
[2025-12-31T21:42:57.382+0000] {taskinstance.py:2648} INFO - Exporting env vars: AIRFLOW_CTX_DAG_OWNER='***' AIRFLOW_CTX_DAG_ID='Airflow-Lab1' AIRFLOW_CTX_TASK_ID='load_data' AIRFLOW_CTX_EXECUTION_DATE='2025-12-31T21:42:52.526259+00:00' AIRFLOW_CTX_TRY_NUMBER='1' AIRFLOW_CTX_DAG_RUN_ID='manual__2025-12-31T21:42:52.526259+00:00'
[2025-12-31T21:42:57.383+0000] {taskinstance.py:430} INFO - ::endgroup::
[2025-12-31T21:42:57.384+0000] {logging_mixin.py:188} INFO - We are here
[2025-12-31T21:42:57.385+0000] {taskinstance.py:441} INFO - ::group::Post task execution logs
[2025-12-31T21:42:57.385+0000] {taskinstance.py:2905} ERROR - Task failed with exception
Traceback (most recent call last):
  File "/home/airflow/.local/lib/python3.12/site-packages/airflow/models/taskinstance.py", line 465, in _execute_task
    result = _execute_callable(context=context, **execute_callable_kwargs)
             ^^^^^^^^^^^^^^^^^^^^^^^^^^^^^^^^^^^^^^^^^^^^^^^^^^^^^^^^^^^^^
  File "/home/airflow/.local/lib/python3.12/site-packages/airflow/models/taskinstance.py", line 432, in _execute_callable
    return execute_callable(context=context, **execute_callable_kwargs)
           ^^^^^^^^^^^^^^^^^^^^^^^^^^^^^^^^^^^^^^^^^^^^^^^^^^^^^^^^^^^^
  File "/home/airflow/.local/lib/python3.12/site-packages/airflow/models/baseoperator.py", line 401, in wrapper
    return func(self, *args, **kwargs)
           ^^^^^^^^^^^^^^^^^^^^^^^^^^^
  File "/home/airflow/.local/lib/python3.12/site-packages/airflow/decorators/base.py", line 265, in execute
    return_value = super().execute(context)
                   ^^^^^^^^^^^^^^^^^^^^^^^^
  File "/home/airflow/.local/lib/python3.12/site-packages/airflow/models/baseoperator.py", line 401, in wrapper
    return func(self, *args, **kwargs)
           ^^^^^^^^^^^^^^^^^^^^^^^^^^^
  File "/home/airflow/.local/lib/python3.12/site-packages/airflow/operators/python.py", line 235, in execute
    return_value = self.execute_callable()
                   ^^^^^^^^^^^^^^^^^^^^^^^
  File "/home/airflow/.local/lib/python3.12/site-packages/airflow/operators/python.py", line 252, in execute_callable
    return self.python_callable(*self.op_args, **self.op_kwargs)
           ^^^^^^^^^^^^^^^^^^^^^^^^^^^^^^^^^^^^^^^^^^^^^^^^^^^^^
  File "/opt/airflow/dags/airflow.py", line 29, in load_data
    df = pd.read_csv(os.path.join(os.path.dirname(__file__), "../data/file.csv"))
         ^^^^^^^^^^^^^^^^^^^^^^^^^^^^^^^^^^^^^^^^^^^^^^^^^^^^^^^^^^^^^^^^^^^^^^^^
  File "/home/airflow/.local/lib/python3.12/site-packages/pandas/io/parsers/readers.py", line 948, in read_csv
    return _read(filepath_or_buffer, kwds)
           ^^^^^^^^^^^^^^^^^^^^^^^^^^^^^^^
  File "/home/airflow/.local/lib/python3.12/site-packages/pandas/io/parsers/readers.py", line 611, in _read
    parser = TextFileReader(filepath_or_buffer, **kwds)
             ^^^^^^^^^^^^^^^^^^^^^^^^^^^^^^^^^^^^^^^^^^
  File "/home/airflow/.local/lib/python3.12/site-packages/pandas/io/parsers/readers.py", line 1448, in __init__
    self._engine = self._make_engine(f, self.engine)
                   ^^^^^^^^^^^^^^^^^^^^^^^^^^^^^^^^^
  File "/home/airflow/.local/lib/python3.12/site-packages/pandas/io/parsers/readers.py", line 1705, in _make_engine
    self.handles = get_handle(
                   ^^^^^^^^^^^
  File "/home/airflow/.local/lib/python3.12/site-packages/pandas/io/common.py", line 863, in get_handle
    handle = open(
             ^^^^^
FileNotFoundError: [Errno 2] No such file or directory: '/opt/airflow/dags/../data/file.csv'
[2025-12-31T21:42:57.393+0000] {taskinstance.py:1206} INFO - Marking task as FAILED. dag_id=Airflow-Lab1, task_id=load_data, run_id=manual__2025-12-31T21:42:52.526259+00:00, execution_date=20251231T214252, start_date=20251231T214256, end_date=20251231T214257
[2025-12-31T21:42:57.397+0000] {standard_task_runner.py:110} ERROR - Failed to execute job 68 for task load_data ([Errno 2] No such file or directory: '/opt/airflow/dags/../data/file.csv'; 1565)
[2025-12-31T21:42:57.442+0000] {local_task_job_runner.py:240} INFO - Task exited with return code 1
[2025-12-31T21:42:57.466+0000] {taskinstance.py:3503} INFO - 0 downstream tasks scheduled from follow-on schedule check
[2025-12-31T21:42:57.470+0000] {local_task_job_runner.py:222} INFO - ::endgroup::
